<?xml version="1.0" encoding="UTF-8"?>
<testng-results ignored="0" total="1" passed="1" failed="0" skipped="0">
  <reporter-output>
  </reporter-output>
  <suite started-at="2022-09-08T11:33:57 IST" name="Default suite" finished-at="2022-09-08T11:33:57 IST" duration-ms="38">
    <groups>
    </groups>
    <test started-at="2022-09-08T11:33:57 IST" name="Default test" finished-at="2022-09-08T11:33:57 IST" duration-ms="38">
      <class name="murari1.Demo">
        <test-method signature="demo()[pri:0, instance:murari1.Demo@19d481b]" started-at="2022-09-08T11:33:57 IST" name="demo" finished-at="2022-09-08T11:33:57 IST" duration-ms="5" status="PASS">
          <reporter-output>
          </reporter-output>
        </test-method> <!-- demo -->
      </class> <!-- murari1.Demo -->
    </test> <!-- Default test -->
  </suite> <!-- Default suite -->
</testng-results>
